Arguments: 
  /Users/yangjiseong/.nvm/versions/node/v20.0.0/bin/node /Users/yangjiseong/.nvm/versions/node/v20.0.0/bin/yarn add @next13.1.6

PATH: 
  /Users/yangjiseong/.nvm/versions/node/v20.0.0/bin:/opt/homebrew/bin:/opt/homebrew/sbin:/usr/local/bin:/System/Cryptexes/App/usr/bin:/usr/bin:/bin:/usr/sbin:/sbin:/usr/local/share/dotnet:~/.dotnet/tools:/Library/Frameworks/Mono.framework/Versions/Current/Commands:/Users/yangjiseong/.nvm/versions/node/v20.0.0/bin:/opt/homebrew/bin:/opt/homebrew/sbin

Yarn version: 
  1.22.19

Node version: 
  20.0.0

Platform: 
  darwin arm64

Trace: 
  Error: https://registry.yarnpkg.com/@next13.1.6: Request "https://registry.yarnpkg.com/@next13.1.6" returned a 405
      at params.callback [as _callback] (/Users/yangjiseong/.nvm/versions/node/v20.0.0/lib/node_modules/yarn/lib/cli.js:66154:18)
      at self.callback (/Users/yangjiseong/.nvm/versions/node/v20.0.0/lib/node_modules/yarn/lib/cli.js:140890:22)
      at Request.emit (node:events:511:28)
      at Request.<anonymous> (/Users/yangjiseong/.nvm/versions/node/v20.0.0/lib/node_modules/yarn/lib/cli.js:141862:10)
      at Request.emit (node:events:511:28)
      at IncomingMessage.<anonymous> (/Users/yangjiseong/.nvm/versions/node/v20.0.0/lib/node_modules/yarn/lib/cli.js:141784:12)
      at Object.onceWrapper (node:events:625:28)
      at IncomingMessage.emit (node:events:523:35)
      at endReadableNT (node:internal/streams/readable:1367:12)
      at process.processTicksAndRejections (node:internal/process/task_queues:82:21)

npm manifest: 
  No manifest

yarn manifest: 
  No manifest

Lockfile: 
  No lockfile
